<?xml version="1.0" encoding="UTF-8"?>
<!-- Generated by org.testng.reporters.JUnitXMLReporter -->
<testsuite hostname="DESKTOP-36EIB2N" ignored="0" name="Default test" tests="25" failures="0" timestamp="2020-02-24T16:06:12 IST" time="47.094" errors="0">
  <testcase name="@BeforeMethod setUp" time="46.573" classname="com.verfiabil.qa.testcases.Smoketests">
    <failure type="org.openqa.selenium.WebDriverException" message="chrome not reachable
  (Session info: chrome=80.0.3987.116)
Build info: version: &amp;apos;3.141.59&amp;apos;, revision: &amp;apos;e82be7d358&amp;apos;, time: &amp;apos;2018-11-14T08:17:03&amp;apos;
System info: host: &amp;apos;DESKTOP-36EIB2N&amp;apos;, ip: &amp;apos;192.168.1.9&amp;apos;, os.name: &amp;apos;Windows 10&amp;apos;, os.arch: &amp;apos;amd64&amp;apos;, os.version: &amp;apos;10.0&amp;apos;, java.version: &amp;apos;1.8.0_241&amp;apos;
Driver info: org.openqa.selenium.chrome.ChromeDriver
Capabilities {acceptInsecureCerts: false, browserName: chrome, browserVersion: 80.0.3987.116, chrome: {chromedriverVersion: 79.0.3945.36 (3582db32b3389..., userDataDir: C:\Users\admin\AppData\Loca...}, goog:chromeOptions: {debuggerAddress: localhost:52531}, javascriptEnabled: true, networkConnectionEnabled: false, pageLoadStrategy: normal, platform: WINDOWS, platformName: WINDOWS, proxy: Proxy(), setWindowRect: true, strictFileInteractability: false, timeouts: {implicit: 0, pageLoad: 300000, script: 30000}, unhandledPromptBehavior: dismiss and notify}
Session ID: 39f0c9eafb99c7cd95adfed6106d48dc">
      <![CDATA[org.openqa.selenium.WebDriverException: chrome not reachable
  (Session info: chrome=80.0.3987.116)
Build info: version: '3.141.59', revision: 'e82be7d358', time: '2018-11-14T08:17:03'
System info: host: 'DESKTOP-36EIB2N', ip: '192.168.1.9', os.name: 'Windows 10', os.arch: 'amd64', os.version: '10.0', java.version: '1.8.0_241'
Driver info: org.openqa.selenium.chrome.ChromeDriver
Capabilities {acceptInsecureCerts: false, browserName: chrome, browserVersion: 80.0.3987.116, chrome: {chromedriverVersion: 79.0.3945.36 (3582db32b3389..., userDataDir: C:\Users\admin\AppData\Loca...}, goog:chromeOptions: {debuggerAddress: localhost:52531}, javascriptEnabled: true, networkConnectionEnabled: false, pageLoadStrategy: normal, platform: WINDOWS, platformName: WINDOWS, proxy: Proxy(), setWindowRect: true, strictFileInteractability: false, timeouts: {implicit: 0, pageLoad: 300000, script: 30000}, unhandledPromptBehavior: dismiss and notify}
Session ID: 39f0c9eafb99c7cd95adfed6106d48dc
at sun.reflect.NativeConstructorAccessorImpl.newInstance0(Native Method)
at sun.reflect.NativeConstructorAccessorImpl.newInstance(Unknown Source)
at sun.reflect.DelegatingConstructorAccessorImpl.newInstance(Unknown Source)
at java.lang.reflect.Constructor.newInstance(Unknown Source)
at org.openqa.selenium.remote.http.W3CHttpResponseCodec.createException(W3CHttpResponseCodec.java:187)
at org.openqa.selenium.remote.http.W3CHttpResponseCodec.decode(W3CHttpResponseCodec.java:122)
at org.openqa.selenium.remote.http.W3CHttpResponseCodec.decode(W3CHttpResponseCodec.java:49)
at org.openqa.selenium.remote.HttpCommandExecutor.execute(HttpCommandExecutor.java:158)
at org.openqa.selenium.remote.service.DriverCommandExecutor.execute(DriverCommandExecutor.java:83)
at org.openqa.selenium.remote.RemoteWebDriver.execute(RemoteWebDriver.java:552)
at org.openqa.selenium.remote.RemoteWebDriver.execute(RemoteWebDriver.java:609)
at org.openqa.selenium.remote.RemoteWebDriver$RemoteWebDriverOptions.deleteAllCookies(RemoteWebDriver.java:694)
at org.openqa.selenium.support.events.EventFiringWebDriver$EventFiringOptions.deleteAllCookies(EventFiringWebDriver.java:630)
at com.verfiabil.qa.base.TestBase.initialization(TestBase.java:56)
at com.verfiabil.qa.testcases.Smoketests.setUp(Smoketests.java:30)
at sun.reflect.NativeMethodAccessorImpl.invoke0(Native Method)
at sun.reflect.NativeMethodAccessorImpl.invoke(Unknown Source)
at sun.reflect.DelegatingMethodAccessorImpl.invoke(Unknown Source)
at java.lang.reflect.Method.invoke(Unknown Source)
at org.testng.internal.MethodInvocationHelper.invokeMethod(MethodInvocationHelper.java:134)
at org.testng.internal.MethodInvocationHelper.invokeMethodConsideringTimeout(MethodInvocationHelper.java:63)
at org.testng.internal.ConfigInvoker.invokeConfigurationMethod(ConfigInvoker.java:348)
at org.testng.internal.ConfigInvoker.invokeConfigurations(ConfigInvoker.java:302)
at org.testng.internal.TestInvoker.runConfigMethods(TestInvoker.java:695)
at org.testng.internal.TestInvoker.invokeMethod(TestInvoker.java:523)
at org.testng.internal.TestInvoker.invokeTestMethod(TestInvoker.java:173)
at org.testng.internal.MethodRunner.runInSequence(MethodRunner.java:46)
at org.testng.internal.TestInvoker$MethodInvocationAgent.invoke(TestInvoker.java:816)
at org.testng.internal.TestInvoker.invokeTestMethods(TestInvoker.java:146)
at org.testng.internal.TestMethodWorker.invokeTestMethods(TestMethodWorker.java:146)
at org.testng.internal.TestMethodWorker.run(TestMethodWorker.java:128)
at java.util.ArrayList.forEach(Unknown Source)
at org.testng.TestRunner.privateRun(TestRunner.java:766)
at org.testng.TestRunner.run(TestRunner.java:587)
at org.testng.SuiteRunner.runTest(SuiteRunner.java:384)
at org.testng.SuiteRunner.runSequentially(SuiteRunner.java:378)
at org.testng.SuiteRunner.privateRun(SuiteRunner.java:337)
at org.testng.SuiteRunner.run(SuiteRunner.java:286)
at org.testng.SuiteRunnerWorker.runSuite(SuiteRunnerWorker.java:53)
at org.testng.SuiteRunnerWorker.run(SuiteRunnerWorker.java:96)
at org.testng.TestNG.runSuitesSequentially(TestNG.java:1187)
at org.testng.TestNG.runSuitesLocally(TestNG.java:1109)
at org.testng.TestNG.runSuites(TestNG.java:1039)
at org.testng.TestNG.run(TestNG.java:1007)
at org.testng.remote.AbstractRemoteTestNG.run(AbstractRemoteTestNG.java:115)
at org.testng.remote.RemoteTestNG.initAndRun(RemoteTestNG.java:251)
at org.testng.remote.RemoteTestNG.main(RemoteTestNG.java:77)
]]>
    </failure>
  </testcase> <!-- @BeforeMethod setUp -->
  <testcase name="@AfterMethod tearDown" time="-1.582540571833E9" classname="com.verfiabil.qa.testcases.Smoketests">
    <skipped/>
  </testcase> <!-- @AfterMethod tearDown -->
  <testcase name="@BeforeMethod setUp" time="-1.582540571838E9" classname="com.verfiabil.qa.testcases.Smoketests">
    <skipped/>
  </testcase> <!-- @BeforeMethod setUp -->
  <testcase name="@AfterMethod tearDown" time="-1.582540571845E9" classname="com.verfiabil.qa.testcases.Smoketests">
    <skipped/>
  </testcase> <!-- @AfterMethod tearDown -->
  <testcase name="@BeforeMethod setUp" time="-1.582540571847E9" classname="com.verfiabil.qa.testcases.Smoketests">
    <skipped/>
  </testcase> <!-- @BeforeMethod setUp -->
  <testcase name="@AfterMethod tearDown" time="-1.582540571852E9" classname="com.verfiabil.qa.testcases.Smoketests">
    <skipped/>
  </testcase> <!-- @AfterMethod tearDown -->
  <testcase name="@BeforeMethod setUp" time="-1.582540571854E9" classname="com.verfiabil.qa.testcases.Smoketests">
    <skipped/>
  </testcase> <!-- @BeforeMethod setUp -->
  <testcase name="@AfterMethod tearDown" time="-1.582540571866E9" classname="com.verfiabil.qa.testcases.Smoketests">
    <skipped/>
  </testcase> <!-- @AfterMethod tearDown -->
  <testcase name="@BeforeMethod setUp" time="-1.582540571868E9" classname="com.verfiabil.qa.testcases.Smoketests">
    <skipped/>
  </testcase> <!-- @BeforeMethod setUp -->
  <testcase name="@AfterMethod tearDown" time="-1.582540571903E9" classname="com.verfiabil.qa.testcases.Smoketests">
    <skipped/>
  </testcase> <!-- @AfterMethod tearDown -->
  <testcase name="@BeforeMethod setUp" time="-1.582540571905E9" classname="com.verfiabil.qa.testcases.Smoketests">
    <skipped/>
  </testcase> <!-- @BeforeMethod setUp -->
  <testcase name="@AfterMethod tearDown" time="-1.582540571922E9" classname="com.verfiabil.qa.testcases.Smoketests">
    <skipped/>
  </testcase> <!-- @AfterMethod tearDown -->
  <testcase name="@BeforeMethod setUp" time="-1.582540571931E9" classname="com.verfiabil.qa.testcases.Smoketests">
    <skipped/>
  </testcase> <!-- @BeforeMethod setUp -->
  <testcase name="@AfterMethod tearDown" time="-1.582540571939E9" classname="com.verfiabil.qa.testcases.Smoketests">
    <skipped/>
  </testcase> <!-- @AfterMethod tearDown -->
  <testcase name="@BeforeMethod setUp" time="-1.582540571941E9" classname="com.verfiabil.qa.testcases.Smoketests">
    <skipped/>
  </testcase> <!-- @BeforeMethod setUp -->
  <testcase name="@AfterMethod tearDown" time="-1.582540571947E9" classname="com.verfiabil.qa.testcases.Smoketests">
    <skipped/>
  </testcase> <!-- @AfterMethod tearDown -->
  <testcase name="@BeforeMethod setUp" time="-1.58254057195E9" classname="com.verfiabil.qa.testcases.Smoketests">
    <skipped/>
  </testcase> <!-- @BeforeMethod setUp -->
  <testcase name="@AfterMethod tearDown" time="-1.58254057196E9" classname="com.verfiabil.qa.testcases.Smoketests">
    <skipped/>
  </testcase> <!-- @AfterMethod tearDown -->
  <testcase name="@BeforeMethod setUp" time="-1.582540571963E9" classname="com.verfiabil.qa.testcases.Smoketests">
    <skipped/>
  </testcase> <!-- @BeforeMethod setUp -->
  <testcase name="@AfterMethod tearDown" time="-1.582540572078E9" classname="com.verfiabil.qa.testcases.Smoketests">
    <skipped/>
  </testcase> <!-- @AfterMethod tearDown -->
  <testcase name="@BeforeMethod setUp" time="-1.582540572084E9" classname="com.verfiabil.qa.testcases.Smoketests">
    <skipped/>
  </testcase> <!-- @BeforeMethod setUp -->
  <testcase name="@AfterMethod tearDown" time="-1.582540572119E9" classname="com.verfiabil.qa.testcases.Smoketests">
    <skipped/>
  </testcase> <!-- @AfterMethod tearDown -->
  <testcase name="@BeforeMethod setUp" time="-1.582540572139E9" classname="com.verfiabil.qa.testcases.Smoketests">
    <skipped/>
  </testcase> <!-- @BeforeMethod setUp -->
  <testcase name="@AfterMethod tearDown" time="-1.582540572148E9" classname="com.verfiabil.qa.testcases.Smoketests">
    <skipped/>
  </testcase> <!-- @AfterMethod tearDown -->
  <testcase name="@BeforeMethod setUp" time="-1.582540572151E9" classname="com.verfiabil.qa.testcases.Smoketests">
    <skipped/>
  </testcase> <!-- @BeforeMethod setUp -->
  <testcase name="@AfterMethod tearDown" time="-1.582540572168E9" classname="com.verfiabil.qa.testcases.Smoketests">
    <skipped/>
  </testcase> <!-- @AfterMethod tearDown -->
  <testcase name="@BeforeMethod setUp" time="-1.582540572186E9" classname="com.verfiabil.qa.testcases.Smoketests">
    <skipped/>
  </testcase> <!-- @BeforeMethod setUp -->
  <testcase name="@AfterMethod tearDown" time="-1.582540572195E9" classname="com.verfiabil.qa.testcases.Smoketests">
    <skipped/>
  </testcase> <!-- @AfterMethod tearDown -->
  <testcase name="@BeforeMethod setUp" time="-1.582540572196E9" classname="com.verfiabil.qa.testcases.Smoketests">
    <skipped/>
  </testcase> <!-- @BeforeMethod setUp -->
  <testcase name="@AfterMethod tearDown" time="-1.582540572201E9" classname="com.verfiabil.qa.testcases.Smoketests">
    <skipped/>
  </testcase> <!-- @AfterMethod tearDown -->
  <testcase name="@BeforeMethod setUp" time="-1.582540572202E9" classname="com.verfiabil.qa.testcases.Smoketests">
    <skipped/>
  </testcase> <!-- @BeforeMethod setUp -->
  <testcase name="@AfterMethod tearDown" time="-1.58254057221E9" classname="com.verfiabil.qa.testcases.Smoketests">
    <skipped/>
  </testcase> <!-- @AfterMethod tearDown -->
  <testcase name="@BeforeMethod setUp" time="-1.582540572211E9" classname="com.verfiabil.qa.testcases.Smoketests">
    <skipped/>
  </testcase> <!-- @BeforeMethod setUp -->
  <testcase name="@AfterMethod tearDown" time="-1.582540572215E9" classname="com.verfiabil.qa.testcases.Smoketests">
    <skipped/>
  </testcase> <!-- @AfterMethod tearDown -->
  <testcase name="@BeforeMethod setUp" time="-1.582540572223E9" classname="com.verfiabil.qa.testcases.Smoketests">
    <skipped/>
  </testcase> <!-- @BeforeMethod setUp -->
  <testcase name="@AfterMethod tearDown" time="-1.58254057223E9" classname="com.verfiabil.qa.testcases.Smoketests">
    <skipped/>
  </testcase> <!-- @AfterMethod tearDown -->
  <testcase name="@BeforeMethod setUp" time="-1.582540572232E9" classname="com.verfiabil.qa.testcases.Smoketests">
    <skipped/>
  </testcase> <!-- @BeforeMethod setUp -->
  <testcase name="@AfterMethod tearDown" time="-1.582540572237E9" classname="com.verfiabil.qa.testcases.Smoketests">
    <skipped/>
  </testcase> <!-- @AfterMethod tearDown -->
  <testcase name="@BeforeMethod setUp" time="-1.58254057224E9" classname="com.verfiabil.qa.testcases.Smoketests">
    <skipped/>
  </testcase> <!-- @BeforeMethod setUp -->
  <testcase name="@AfterMethod tearDown" time="-1.582540572244E9" classname="com.verfiabil.qa.testcases.Smoketests">
    <skipped/>
  </testcase> <!-- @AfterMethod tearDown -->
  <testcase name="@BeforeMethod setUp" time="-1.582540572246E9" classname="com.verfiabil.qa.testcases.Smoketests">
    <skipped/>
  </testcase> <!-- @BeforeMethod setUp -->
  <testcase name="@AfterMethod tearDown" time="-1.582540572251E9" classname="com.verfiabil.qa.testcases.Smoketests">
    <skipped/>
  </testcase> <!-- @AfterMethod tearDown -->
  <testcase name="@BeforeMethod setUp" time="-1.582540572253E9" classname="com.verfiabil.qa.testcases.Smoketests">
    <skipped/>
  </testcase> <!-- @BeforeMethod setUp -->
  <testcase name="@AfterMethod tearDown" time="-1.582540572257E9" classname="com.verfiabil.qa.testcases.Smoketests">
    <skipped/>
  </testcase> <!-- @AfterMethod tearDown -->
  <testcase name="@BeforeMethod setUp" time="-1.582540572259E9" classname="com.verfiabil.qa.testcases.Smoketests">
    <skipped/>
  </testcase> <!-- @BeforeMethod setUp -->
  <testcase name="@AfterMethod tearDown" time="-1.582540572263E9" classname="com.verfiabil.qa.testcases.Smoketests">
    <skipped/>
  </testcase> <!-- @AfterMethod tearDown -->
  <testcase name="@BeforeMethod setUp" time="-1.582540572268E9" classname="com.verfiabil.qa.testcases.Smoketests">
    <skipped/>
  </testcase> <!-- @BeforeMethod setUp -->
  <testcase name="@AfterMethod tearDown" time="-1.582540572273E9" classname="com.verfiabil.qa.testcases.Smoketests">
    <skipped/>
  </testcase> <!-- @AfterMethod tearDown -->
  <testcase name="@BeforeMethod setUp" time="-1.582540572276E9" classname="com.verfiabil.qa.testcases.Smoketests">
    <skipped/>
  </testcase> <!-- @BeforeMethod setUp -->
  <testcase name="@AfterMethod tearDown" time="-1.582540572281E9" classname="com.verfiabil.qa.testcases.Smoketests">
    <skipped/>
  </testcase> <!-- @AfterMethod tearDown -->
  <testcase name="verifyHomePageTitleTest" time="0.0" classname="com.verfiabil.qa.testcases.Smoketests">
    <skipped/>
  </testcase> <!-- verifyHomePageTitleTest -->
  <testcase name="verifyTenantsheader" time="0.0" classname="com.verfiabil.qa.testcases.Smoketests">
    <skipped/>
  </testcase> <!-- verifyTenantsheader -->
  <testcase name="verifyAddGroupLink" time="0.0" classname="com.verfiabil.qa.testcases.Smoketests">
    <skipped/>
  </testcase> <!-- verifyAddGroupLink -->
  <testcase name="verifyAddBrokerLink" time="0.0" classname="com.verfiabil.qa.testcases.Smoketests">
    <skipped/>
  </testcase> <!-- verifyAddBrokerLink -->
  <testcase name="verifyRolesgclink" time="0.0" classname="com.verfiabil.qa.testcases.Smoketests">
    <skipped/>
  </testcase> <!-- verifyRolesgclink -->
  <testcase name="verifyUsersgclink" time="0.0" classname="com.verfiabil.qa.testcases.Smoketests">
    <skipped/>
  </testcase> <!-- verifyUsersgclink -->
  <testcase name="verifyAuditlogsgclink" time="0.0" classname="com.verfiabil.qa.testcases.Smoketests">
    <skipped/>
  </testcase> <!-- verifyAuditlogsgclink -->
  <testcase name="verifyMaintainencegclink" time="0.0" classname="com.verfiabil.qa.testcases.Smoketests">
    <skipped/>
  </testcase> <!-- verifyMaintainencegclink -->
  <testcase name="verifySettingsgclink" time="0.0" classname="com.verfiabil.qa.testcases.Smoketests">
    <skipped/>
  </testcase> <!-- verifySettingsgclink -->
  <testcase name="verifyCarriermanagementgclink" time="0.0" classname="com.verfiabil.qa.testcases.Smoketests">
    <skipped/>
  </testcase> <!-- verifyCarriermanagementgclink -->
  <testcase name="verifyAccountnumbergclink" time="0.0" classname="com.verfiabil.qa.testcases.Smoketests">
    <skipped/>
  </testcase> <!-- verifyAccountnumbergclink -->
  <testcase name="verifyServicefeegclink" time="0.0" classname="com.verfiabil.qa.testcases.Smoketests">
    <skipped/>
  </testcase> <!-- verifyServicefeegclink -->
  <testcase name="verifySelfcostplangclink" time="0.0" classname="com.verfiabil.qa.testcases.Smoketests">
    <skipped/>
  </testcase> <!-- verifySelfcostplangclink -->
  <testcase name="verifyImportcarrierdatagclink" time="0.0" classname="com.verfiabil.qa.testcases.Smoketests">
    <skipped/>
  </testcase> <!-- verifyImportcarrierdatagclink -->
  <testcase name="verifyImportbenadmindatagclink" time="0.0" classname="com.verfiabil.qa.testcases.Smoketests">
    <skipped/>
  </testcase> <!-- verifyImportbenadmindatagclink -->
  <testcase name="verifyReviewinvoicegclink" time="0.0" classname="com.verfiabil.qa.testcases.Smoketests">
    <skipped/>
  </testcase> <!-- verifyReviewinvoicegclink -->
  <testcase name="verifyResolvenamemismatchgclink" time="0.0" classname="com.verfiabil.qa.testcases.Smoketests">
    <skipped/>
  </testcase> <!-- verifyResolvenamemismatchgclink -->
  <testcase name="verifyDiscrepanciesgclink" time="0.0" classname="com.verfiabil.qa.testcases.Smoketests">
    <skipped/>
  </testcase> <!-- verifyDiscrepanciesgclink -->
  <testcase name="verifyFollowupdiscrepancylink" time="0.0" classname="com.verfiabil.qa.testcases.Smoketests">
    <skipped/>
  </testcase> <!-- verifyFollowupdiscrepancylink -->
  <testcase name="verifyNodiscreapnciesgclink" time="0.0" classname="com.verfiabil.qa.testcases.Smoketests">
    <skipped/>
  </testcase> <!-- verifyNodiscreapnciesgclink -->
  <testcase name="verifyBillinglink" time="0.0" classname="com.verfiabil.qa.testcases.Smoketests">
    <skipped/>
  </testcase> <!-- verifyBillinglink -->
  <testcase name="verifyCarrierinvoicesummarygclink" time="0.0" classname="com.verfiabil.qa.testcases.Smoketests">
    <skipped/>
  </testcase> <!-- verifyCarrierinvoicesummarygclink -->
  <testcase name="verifyCostallocationgclink" time="0.0" classname="com.verfiabil.qa.testcases.Smoketests">
    <skipped/>
  </testcase> <!-- verifyCostallocationgclink -->
  <testcase name="verifyUploadcustomreportgclink" time="0.0" classname="com.verfiabil.qa.testcases.Smoketests">
    <skipped/>
  </testcase> <!-- verifyUploadcustomreportgclink -->
  <testcase name="verifyOtherreportsgclink" time="0.0" classname="com.verfiabil.qa.testcases.Smoketests">
    <skipped/>
  </testcase> <!-- verifyOtherreportsgclink -->
</testsuite> <!-- Default test -->
