<?xml version="1.0" encoding="UTF-8"?>
<!-- Generated by org.testng.reporters.JUnitReportReporter -->
<testsuite skipped="25" hostname="DESKTOP-36EIB2N" name="com.verfiabil.qa.testcases.Smoketests" tests="26" failures="0" timestamp="2020-02-24T16:06:12 IST" time="46.573" errors="1">
  <testcase name="setUp" time="46.573" classname="com.verfiabil.qa.testcases.Smoketests">
    <error type="org.openqa.selenium.WebDriverException" message="chrome not reachable
  (Session info: chrome=80.0.3987.116)
Build info: version: &#039;3.141.59&#039;, revision: &#039;e82be7d358&#039;, time: &#039;2018-11-14T08:17:03&#039;
System info: host: &#039;DESKTOP-36EIB2N&#039;, ip: &#039;192.168.1.9&#039;, os.name: &#039;Windows 10&#039;, os.arch: &#039;amd64&#039;, os.version: &#039;10.0&#039;, java.version: &#039;1.8.0_241&#039;
Driver info: org.openqa.selenium.chrome.ChromeDriver
Capabilities {acceptInsecureCerts: false, browserName: chrome, browserVersion: 80.0.3987.116, chrome: {chromedriverVersion: 79.0.3945.36 (3582db32b3389..., userDataDir: C:\Users\admin\AppData\Loca...}, goog:chromeOptions: {debuggerAddress: localhost:52531}, javascriptEnabled: true, networkConnectionEnabled: false, pageLoadStrategy: normal, platform: WINDOWS, platformName: WINDOWS, proxy: Proxy(), setWindowRect: true, strictFileInteractability: false, timeouts: {implicit: 0, pageLoad: 300000, script: 30000}, unhandledPromptBehavior: dismiss and notify}
Session ID: 39f0c9eafb99c7cd95adfed6106d48dc">
      <![CDATA[org.openqa.selenium.WebDriverException: chrome not reachable
  (Session info: chrome=80.0.3987.116)
Build info: version: '3.141.59', revision: 'e82be7d358', time: '2018-11-14T08:17:03'
System info: host: 'DESKTOP-36EIB2N', ip: '192.168.1.9', os.name: 'Windows 10', os.arch: 'amd64', os.version: '10.0', java.version: '1.8.0_241'
Driver info: org.openqa.selenium.chrome.ChromeDriver
Capabilities {acceptInsecureCerts: false, browserName: chrome, browserVersion: 80.0.3987.116, chrome: {chromedriverVersion: 79.0.3945.36 (3582db32b3389..., userDataDir: C:\Users\admin\AppData\Loca...}, goog:chromeOptions: {debuggerAddress: localhost:52531}, javascriptEnabled: true, networkConnectionEnabled: false, pageLoadStrategy: normal, platform: WINDOWS, platformName: WINDOWS, proxy: Proxy(), setWindowRect: true, strictFileInteractability: false, timeouts: {implicit: 0, pageLoad: 300000, script: 30000}, unhandledPromptBehavior: dismiss and notify}
Session ID: 39f0c9eafb99c7cd95adfed6106d48dc
at sun.reflect.NativeConstructorAccessorImpl.newInstance0(Native Method)
at sun.reflect.NativeConstructorAccessorImpl.newInstance(Unknown Source)
at sun.reflect.DelegatingConstructorAccessorImpl.newInstance(Unknown Source)
at java.lang.reflect.Constructor.newInstance(Unknown Source)
at org.openqa.selenium.remote.http.W3CHttpResponseCodec.createException(W3CHttpResponseCodec.java:187)
at org.openqa.selenium.remote.http.W3CHttpResponseCodec.decode(W3CHttpResponseCodec.java:122)
at org.openqa.selenium.remote.http.W3CHttpResponseCodec.decode(W3CHttpResponseCodec.java:49)
at org.openqa.selenium.remote.HttpCommandExecutor.execute(HttpCommandExecutor.java:158)
at org.openqa.selenium.remote.service.DriverCommandExecutor.execute(DriverCommandExecutor.java:83)
at org.openqa.selenium.remote.RemoteWebDriver.execute(RemoteWebDriver.java:552)
at org.openqa.selenium.remote.RemoteWebDriver.execute(RemoteWebDriver.java:609)
at org.openqa.selenium.remote.RemoteWebDriver$RemoteWebDriverOptions.deleteAllCookies(RemoteWebDriver.java:694)
at org.openqa.selenium.support.events.EventFiringWebDriver$EventFiringOptions.deleteAllCookies(EventFiringWebDriver.java:630)
at com.verfiabil.qa.base.TestBase.initialization(TestBase.java:56)
at com.verfiabil.qa.testcases.Smoketests.setUp(Smoketests.java:30)
at sun.reflect.NativeMethodAccessorImpl.invoke0(Native Method)
at sun.reflect.NativeMethodAccessorImpl.invoke(Unknown Source)
at sun.reflect.DelegatingMethodAccessorImpl.invoke(Unknown Source)
at java.lang.reflect.Method.invoke(Unknown Source)
at org.testng.internal.MethodInvocationHelper.invokeMethod(MethodInvocationHelper.java:134)
at org.testng.internal.MethodInvocationHelper.invokeMethodConsideringTimeout(MethodInvocationHelper.java:63)
at org.testng.internal.ConfigInvoker.invokeConfigurationMethod(ConfigInvoker.java:348)
at org.testng.internal.ConfigInvoker.invokeConfigurations(ConfigInvoker.java:302)
at org.testng.internal.TestInvoker.runConfigMethods(TestInvoker.java:695)
at org.testng.internal.TestInvoker.invokeMethod(TestInvoker.java:523)
at org.testng.internal.TestInvoker.invokeTestMethod(TestInvoker.java:173)
at org.testng.internal.MethodRunner.runInSequence(MethodRunner.java:46)
at org.testng.internal.TestInvoker$MethodInvocationAgent.invoke(TestInvoker.java:816)
at org.testng.internal.TestInvoker.invokeTestMethods(TestInvoker.java:146)
at org.testng.internal.TestMethodWorker.invokeTestMethods(TestMethodWorker.java:146)
at org.testng.internal.TestMethodWorker.run(TestMethodWorker.java:128)
at java.util.ArrayList.forEach(Unknown Source)
at org.testng.TestRunner.privateRun(TestRunner.java:766)
at org.testng.TestRunner.run(TestRunner.java:587)
at org.testng.SuiteRunner.runTest(SuiteRunner.java:384)
at org.testng.SuiteRunner.runSequentially(SuiteRunner.java:378)
at org.testng.SuiteRunner.privateRun(SuiteRunner.java:337)
at org.testng.SuiteRunner.run(SuiteRunner.java:286)
at org.testng.SuiteRunnerWorker.runSuite(SuiteRunnerWorker.java:53)
at org.testng.SuiteRunnerWorker.run(SuiteRunnerWorker.java:96)
at org.testng.TestNG.runSuitesSequentially(TestNG.java:1187)
at org.testng.TestNG.runSuitesLocally(TestNG.java:1109)
at org.testng.TestNG.runSuites(TestNG.java:1039)
at org.testng.TestNG.run(TestNG.java:1007)
at org.testng.remote.AbstractRemoteTestNG.run(AbstractRemoteTestNG.java:115)
at org.testng.remote.RemoteTestNG.initAndRun(RemoteTestNG.java:251)
at org.testng.remote.RemoteTestNG.main(RemoteTestNG.java:77)
]]>
    </error>
  </testcase> <!-- setUp -->
  <system-out/>
  <testcase name="verifyHomePageTitleTest" time="0.000" classname="com.verfiabil.qa.testcases.Smoketests">
    <skipped/>
  </testcase> <!-- verifyHomePageTitleTest -->
  <system-out/>
  <testcase name="verifyTenantsheader" time="0.000" classname="com.verfiabil.qa.testcases.Smoketests">
    <skipped/>
  </testcase> <!-- verifyTenantsheader -->
  <system-out/>
  <testcase name="verifyAddGroupLink" time="0.000" classname="com.verfiabil.qa.testcases.Smoketests">
    <skipped/>
  </testcase> <!-- verifyAddGroupLink -->
  <system-out/>
  <testcase name="verifyAddBrokerLink" time="0.000" classname="com.verfiabil.qa.testcases.Smoketests">
    <skipped/>
  </testcase> <!-- verifyAddBrokerLink -->
  <system-out/>
  <testcase name="verifyRolesgclink" time="0.000" classname="com.verfiabil.qa.testcases.Smoketests">
    <skipped/>
  </testcase> <!-- verifyRolesgclink -->
  <system-out/>
  <testcase name="verifyUsersgclink" time="0.000" classname="com.verfiabil.qa.testcases.Smoketests">
    <skipped/>
  </testcase> <!-- verifyUsersgclink -->
  <system-out/>
  <testcase name="verifyAuditlogsgclink" time="0.000" classname="com.verfiabil.qa.testcases.Smoketests">
    <skipped/>
  </testcase> <!-- verifyAuditlogsgclink -->
  <system-out/>
  <testcase name="verifyMaintainencegclink" time="0.000" classname="com.verfiabil.qa.testcases.Smoketests">
    <skipped/>
  </testcase> <!-- verifyMaintainencegclink -->
  <system-out/>
  <testcase name="verifySettingsgclink" time="0.000" classname="com.verfiabil.qa.testcases.Smoketests">
    <skipped/>
  </testcase> <!-- verifySettingsgclink -->
  <system-out/>
  <testcase name="verifyCarriermanagementgclink" time="0.000" classname="com.verfiabil.qa.testcases.Smoketests">
    <skipped/>
  </testcase> <!-- verifyCarriermanagementgclink -->
  <system-out/>
  <testcase name="verifyAccountnumbergclink" time="0.000" classname="com.verfiabil.qa.testcases.Smoketests">
    <skipped/>
  </testcase> <!-- verifyAccountnumbergclink -->
  <system-out/>
  <testcase name="verifyServicefeegclink" time="0.000" classname="com.verfiabil.qa.testcases.Smoketests">
    <skipped/>
  </testcase> <!-- verifyServicefeegclink -->
  <system-out/>
  <testcase name="verifySelfcostplangclink" time="0.000" classname="com.verfiabil.qa.testcases.Smoketests">
    <skipped/>
  </testcase> <!-- verifySelfcostplangclink -->
  <system-out/>
  <testcase name="verifyImportcarrierdatagclink" time="0.000" classname="com.verfiabil.qa.testcases.Smoketests">
    <skipped/>
  </testcase> <!-- verifyImportcarrierdatagclink -->
  <system-out/>
  <testcase name="verifyImportbenadmindatagclink" time="0.000" classname="com.verfiabil.qa.testcases.Smoketests">
    <skipped/>
  </testcase> <!-- verifyImportbenadmindatagclink -->
  <system-out/>
  <testcase name="verifyReviewinvoicegclink" time="0.000" classname="com.verfiabil.qa.testcases.Smoketests">
    <skipped/>
  </testcase> <!-- verifyReviewinvoicegclink -->
  <system-out/>
  <testcase name="verifyResolvenamemismatchgclink" time="0.000" classname="com.verfiabil.qa.testcases.Smoketests">
    <skipped/>
  </testcase> <!-- verifyResolvenamemismatchgclink -->
  <system-out/>
  <testcase name="verifyDiscrepanciesgclink" time="0.000" classname="com.verfiabil.qa.testcases.Smoketests">
    <skipped/>
  </testcase> <!-- verifyDiscrepanciesgclink -->
  <system-out/>
  <testcase name="verifyFollowupdiscrepancylink" time="0.000" classname="com.verfiabil.qa.testcases.Smoketests">
    <skipped/>
  </testcase> <!-- verifyFollowupdiscrepancylink -->
  <system-out/>
  <testcase name="verifyNodiscreapnciesgclink" time="0.000" classname="com.verfiabil.qa.testcases.Smoketests">
    <skipped/>
  </testcase> <!-- verifyNodiscreapnciesgclink -->
  <system-out/>
  <testcase name="verifyBillinglink" time="0.000" classname="com.verfiabil.qa.testcases.Smoketests">
    <skipped/>
  </testcase> <!-- verifyBillinglink -->
  <system-out/>
  <testcase name="verifyCarrierinvoicesummarygclink" time="0.000" classname="com.verfiabil.qa.testcases.Smoketests">
    <skipped/>
  </testcase> <!-- verifyCarrierinvoicesummarygclink -->
  <system-out/>
  <testcase name="verifyCostallocationgclink" time="0.000" classname="com.verfiabil.qa.testcases.Smoketests">
    <skipped/>
  </testcase> <!-- verifyCostallocationgclink -->
  <system-out/>
  <testcase name="verifyUploadcustomreportgclink" time="0.000" classname="com.verfiabil.qa.testcases.Smoketests">
    <skipped/>
  </testcase> <!-- verifyUploadcustomreportgclink -->
  <system-out/>
  <testcase name="verifyOtherreportsgclink" time="0.000" classname="com.verfiabil.qa.testcases.Smoketests">
    <skipped/>
  </testcase> <!-- verifyOtherreportsgclink -->
  <system-out/>
</testsuite> <!-- com.verfiabil.qa.testcases.Smoketests -->
